[2023-09-19 07:18:50] local.ERROR: Invalid key supplied {"exception":"[object] (LogicException(code: 0): Invalid key supplied at D:\\Projects jourdon\\projects\\wasil-v3\\vendor\\league\\oauth2-server\\src\\CryptKey.php:67)
[stacktrace]
#0 D:\\Projects jourdon\\projects\\wasil-v3\\vendor\\laravel\\passport\\src\\PassportServiceProvider.php(275): League\\OAuth2\\Server\\CryptKey->__construct('file://D:\\\\Proje...', NULL, false)
#1 D:\\Projects jourdon\\projects\\wasil-v3\\vendor\\laravel\\passport\\src\\PassportServiceProvider.php(214): Laravel\\Passport\\PassportServiceProvider->makeCryptKey('private')
#2 D:\\Projects jourdon\\projects\\wasil-v3\\vendor\\laravel\\passport\\src\\PassportServiceProvider.php(104): Laravel\\Passport\\PassportServiceProvider->makeAuthorizationServer()
#3 D:\\Projects jourdon\\projects\\wasil-v3\\vendor\\laravel\\framework\\src\\Illuminate\\Container\\Container.php(873): Laravel\\Passport\\PassportServiceProvider->Laravel\\Passport\\{closure}(Object(Illuminate\\Foundation\\Application), Array)
#4 D:\\Projects jourdon\\projects\\wasil-v3\\vendor\\laravel\\framework\\src\\Illuminate\\Container\\Container.php(758): Illuminate\\Container\\Container->build(Object(Closure))
#5 D:\\Projects jourdon\\projects\\wasil-v3\\vendor\\laravel\\framework\\src\\Illuminate\\Foundation\\Application.php(851): Illuminate\\Container\\Container->resolve('League\\\\OAuth2\\\\S...', Array, true)
#6 D:\\Projects jourdon\\projects\\wasil-v3\\vendor\\laravel\\framework\\src\\Illuminate\\Container\\Container.php(694): Illuminate\\Foundation\\Application->resolve('League\\\\OAuth2\\\\S...', Array)
#7 D:\\Projects jourdon\\projects\\wasil-v3\\vendor\\laravel\\framework\\src\\Illuminate\\Foundation\\Application.php(836): Illuminate\\Container\\Container->make('League\\\\OAuth2\\\\S...', Array)
#8 D:\\Projects jourdon\\projects\\wasil-v3\\vendor\\laravel\\framework\\src\\Illuminate\\Container\\Container.php(1027): Illuminate\\Foundation\\Application->make('League\\\\OAuth2\\\\S...')
#9 D:\\Projects jourdon\\projects\\wasil-v3\\vendor\\laravel\\framework\\src\\Illuminate\\Container\\Container.php(947): Illuminate\\Container\\Container->resolveClass(Object(ReflectionParameter))
#10 D:\\Projects jourdon\\projects\\wasil-v3\\vendor\\laravel\\framework\\src\\Illuminate\\Container\\Container.php(908): Illuminate\\Container\\Container->resolveDependencies(Array)
#11 D:\\Projects jourdon\\projects\\wasil-v3\\vendor\\laravel\\framework\\src\\Illuminate\\Container\\Container.php(758): Illuminate\\Container\\Container->build('Laravel\\\\Passpor...')
#12 D:\\Projects jourdon\\projects\\wasil-v3\\vendor\\laravel\\framework\\src\\Illuminate\\Foundation\\Application.php(851): Illuminate\\Container\\Container->resolve('Laravel\\\\Passpor...', Array, true)
#13 D:\\Projects jourdon\\projects\\wasil-v3\\vendor\\laravel\\framework\\src\\Illuminate\\Container\\Container.php(694): Illuminate\\Foundation\\Application->resolve('Laravel\\\\Passpor...', Array)
#14 D:\\Projects jourdon\\projects\\wasil-v3\\vendor\\laravel\\framework\\src\\Illuminate\\Foundation\\Application.php(836): Illuminate\\Container\\Container->make('Laravel\\\\Passpor...', Array)
#15 D:\\Projects jourdon\\projects\\wasil-v3\\vendor\\laravel\\framework\\src\\Illuminate\\Routing\\Route.php(276): Illuminate\\Foundation\\Application->make('Laravel\\\\Passpor...')
#16 D:\\Projects jourdon\\projects\\wasil-v3\\vendor\\laravel\\framework\\src\\Illuminate\\Routing\\Route.php(1080): Illuminate\\Routing\\Route->getController()
#17 D:\\Projects jourdon\\projects\\wasil-v3\\vendor\\laravel\\framework\\src\\Illuminate\\Routing\\Route.php(1023): Illuminate\\Routing\\Route->controllerMiddleware()
#18 D:\\Projects jourdon\\projects\\wasil-v3\\vendor\\laravel\\framework\\src\\Illuminate\\Routing\\Router.php(734): Illuminate\\Routing\\Route->gatherMiddleware()
#19 D:\\Projects jourdon\\projects\\wasil-v3\\vendor\\laravel\\framework\\src\\Illuminate\\Foundation\\Console\\RouteListCommand.php(175): Illuminate\\Routing\\Router->gatherRouteMiddleware(Object(Illuminate\\Routing\\Route))
#20 D:\\Projects jourdon\\projects\\wasil-v3\\vendor\\laravel\\framework\\src\\Illuminate\\Foundation\\Console\\RouteListCommand.php(119): Illuminate\\Foundation\\Console\\RouteListCommand->getMiddleware(Object(Illuminate\\Routing\\Route))
#21 D:\\Projects jourdon\\projects\\wasil-v3\\vendor\\laravel\\framework\\src\\Illuminate\\Foundation\\Console\\RouteListCommand.php(91): Illuminate\\Foundation\\Console\\RouteListCommand->getRouteInformation(Object(Illuminate\\Routing\\Route))
#22 [internal function]: Illuminate\\Foundation\\Console\\RouteListCommand->Illuminate\\Foundation\\Console\\{closure}(Object(Illuminate\\Routing\\Route), 0)
#23 D:\\Projects jourdon\\projects\\wasil-v3\\vendor\\laravel\\framework\\src\\Illuminate\\Collections\\Collection.php(695): array_map(Object(Closure), Array, Array)
#24 D:\\Projects jourdon\\projects\\wasil-v3\\vendor\\laravel\\framework\\src\\Illuminate\\Foundation\\Console\\RouteListCommand.php(92): Illuminate\\Support\\Collection->map(Object(Closure))
#25 D:\\Projects jourdon\\projects\\wasil-v3\\vendor\\laravel\\framework\\src\\Illuminate\\Foundation\\Console\\RouteListCommand.php(76): Illuminate\\Foundation\\Console\\RouteListCommand->getRoutes()
#26 D:\\Projects jourdon\\projects\\wasil-v3\\vendor\\laravel\\framework\\src\\Illuminate\\Container\\BoundMethod.php(36): Illuminate\\Foundation\\Console\\RouteListCommand->handle()
#27 D:\\Projects jourdon\\projects\\wasil-v3\\vendor\\laravel\\framework\\src\\Illuminate\\Container\\Util.php(40): Illuminate\\Container\\BoundMethod::Illuminate\\Container\\{closure}()
#28 D:\\Projects jourdon\\projects\\wasil-v3\\vendor\\laravel\\framework\\src\\Illuminate\\Container\\BoundMethod.php(93): Illuminate\\Container\\Util::unwrapIfClosure(Object(Closure))
#29 D:\\Projects jourdon\\projects\\wasil-v3\\vendor\\laravel\\framework\\src\\Illuminate\\Container\\BoundMethod.php(37): Illuminate\\Container\\BoundMethod::callBoundMethod(Object(Illuminate\\Foundation\\Application), Array, Object(Closure))
#30 D:\\Projects jourdon\\projects\\wasil-v3\\vendor\\laravel\\framework\\src\\Illuminate\\Container\\Container.php(653): Illuminate\\Container\\BoundMethod::call(Object(Illuminate\\Foundation\\Application), Array, Array, NULL)
#31 D:\\Projects jourdon\\projects\\wasil-v3\\vendor\\laravel\\framework\\src\\Illuminate\\Console\\Command.php(136): Illuminate\\Container\\Container->call(Array)
#32 D:\\Projects jourdon\\projects\\wasil-v3\\vendor\\symfony\\console\\Command\\Command.php(298): Illuminate\\Console\\Command->execute(Object(Symfony\\Component\\Console\\Input\\ArgvInput), Object(Illuminate\\Console\\OutputStyle))
#33 D:\\Projects jourdon\\projects\\wasil-v3\\vendor\\laravel\\framework\\src\\Illuminate\\Console\\Command.php(121): Symfony\\Component\\Console\\Command\\Command->run(Object(Symfony\\Component\\Console\\Input\\ArgvInput), Object(Illuminate\\Console\\OutputStyle))
#34 D:\\Projects jourdon\\projects\\wasil-v3\\vendor\\symfony\\console\\Application.php(1040): Illuminate\\Console\\Command->run(Object(Symfony\\Component\\Console\\Input\\ArgvInput), Object(Symfony\\Component\\Console\\Output\\ConsoleOutput))
#35 D:\\Projects jourdon\\projects\\wasil-v3\\vendor\\symfony\\console\\Application.php(301): Symfony\\Component\\Console\\Application->doRunCommand(Object(Illuminate\\Foundation\\Console\\RouteListCommand), Object(Symfony\\Component\\Console\\Input\\ArgvInput), Object(Symfony\\Component\\Console\\Output\\ConsoleOutput))
#36 D:\\Projects jourdon\\projects\\wasil-v3\\vendor\\symfony\\console\\Application.php(171): Symfony\\Component\\Console\\Application->doRun(Object(Symfony\\Component\\Console\\Input\\ArgvInput), Object(Symfony\\Component\\Console\\Output\\ConsoleOutput))
#37 D:\\Projects jourdon\\projects\\wasil-v3\\vendor\\laravel\\framework\\src\\Illuminate\\Console\\Application.php(94): Symfony\\Component\\Console\\Application->run(Object(Symfony\\Component\\Console\\Input\\ArgvInput), Object(Symfony\\Component\\Console\\Output\\ConsoleOutput))
#38 D:\\Projects jourdon\\projects\\wasil-v3\\vendor\\laravel\\framework\\src\\Illuminate\\Foundation\\Console\\Kernel.php(129): Illuminate\\Console\\Application->run(Object(Symfony\\Component\\Console\\Input\\ArgvInput), Object(Symfony\\Component\\Console\\Output\\ConsoleOutput))
#39 D:\\Projects jourdon\\projects\\wasil-v3\\artisan(37): Illuminate\\Foundation\\Console\\Kernel->handle(Object(Symfony\\Component\\Console\\Input\\ArgvInput), Object(Symfony\\Component\\Console\\Output\\ConsoleOutput))
#40 {main}
"} 
[2023-09-19 07:19:04] local.ERROR: Invalid key supplied {"exception":"[object] (LogicException(code: 0): Invalid key supplied at D:\\Projects jourdon\\projects\\wasil-v3\\vendor\\league\\oauth2-server\\src\\CryptKey.php:67)
[stacktrace]
#0 D:\\Projects jourdon\\projects\\wasil-v3\\vendor\\laravel\\passport\\src\\PassportServiceProvider.php(275): League\\OAuth2\\Server\\CryptKey->__construct('file://D:\\\\Proje...', NULL, false)
#1 D:\\Projects jourdon\\projects\\wasil-v3\\vendor\\laravel\\passport\\src\\PassportServiceProvider.php(214): Laravel\\Passport\\PassportServiceProvider->makeCryptKey('private')
#2 D:\\Projects jourdon\\projects\\wasil-v3\\vendor\\laravel\\passport\\src\\PassportServiceProvider.php(104): Laravel\\Passport\\PassportServiceProvider->makeAuthorizationServer()
#3 D:\\Projects jourdon\\projects\\wasil-v3\\vendor\\laravel\\framework\\src\\Illuminate\\Container\\Container.php(873): Laravel\\Passport\\PassportServiceProvider->Laravel\\Passport\\{closure}(Object(Illuminate\\Foundation\\Application), Array)
#4 D:\\Projects jourdon\\projects\\wasil-v3\\vendor\\laravel\\framework\\src\\Illuminate\\Container\\Container.php(758): Illuminate\\Container\\Container->build(Object(Closure))
#5 D:\\Projects jourdon\\projects\\wasil-v3\\vendor\\laravel\\framework\\src\\Illuminate\\Foundation\\Application.php(851): Illuminate\\Container\\Container->resolve('League\\\\OAuth2\\\\S...', Array, true)
#6 D:\\Projects jourdon\\projects\\wasil-v3\\vendor\\laravel\\framework\\src\\Illuminate\\Container\\Container.php(694): Illuminate\\Foundation\\Application->resolve('League\\\\OAuth2\\\\S...', Array)
#7 D:\\Projects jourdon\\projects\\wasil-v3\\vendor\\laravel\\framework\\src\\Illuminate\\Foundation\\Application.php(836): Illuminate\\Container\\Container->make('League\\\\OAuth2\\\\S...', Array)
#8 D:\\Projects jourdon\\projects\\wasil-v3\\vendor\\laravel\\framework\\src\\Illuminate\\Container\\Container.php(1027): Illuminate\\Foundation\\Application->make('League\\\\OAuth2\\\\S...')
#9 D:\\Projects jourdon\\projects\\wasil-v3\\vendor\\laravel\\framework\\src\\Illuminate\\Container\\Container.php(947): Illuminate\\Container\\Container->resolveClass(Object(ReflectionParameter))
#10 D:\\Projects jourdon\\projects\\wasil-v3\\vendor\\laravel\\framework\\src\\Illuminate\\Container\\Container.php(908): Illuminate\\Container\\Container->resolveDependencies(Array)
#11 D:\\Projects jourdon\\projects\\wasil-v3\\vendor\\laravel\\framework\\src\\Illuminate\\Container\\Container.php(758): Illuminate\\Container\\Container->build('Laravel\\\\Passpor...')
#12 D:\\Projects jourdon\\projects\\wasil-v3\\vendor\\laravel\\framework\\src\\Illuminate\\Foundation\\Application.php(851): Illuminate\\Container\\Container->resolve('Laravel\\\\Passpor...', Array, true)
#13 D:\\Projects jourdon\\projects\\wasil-v3\\vendor\\laravel\\framework\\src\\Illuminate\\Container\\Container.php(694): Illuminate\\Foundation\\Application->resolve('Laravel\\\\Passpor...', Array)
#14 D:\\Projects jourdon\\projects\\wasil-v3\\vendor\\laravel\\framework\\src\\Illuminate\\Foundation\\Application.php(836): Illuminate\\Container\\Container->make('Laravel\\\\Passpor...', Array)
#15 D:\\Projects jourdon\\projects\\wasil-v3\\vendor\\laravel\\framework\\src\\Illuminate\\Routing\\Route.php(276): Illuminate\\Foundation\\Application->make('Laravel\\\\Passpor...')
#16 D:\\Projects jourdon\\projects\\wasil-v3\\vendor\\laravel\\framework\\src\\Illuminate\\Routing\\Route.php(1080): Illuminate\\Routing\\Route->getController()
#17 D:\\Projects jourdon\\projects\\wasil-v3\\vendor\\laravel\\framework\\src\\Illuminate\\Routing\\Route.php(1023): Illuminate\\Routing\\Route->controllerMiddleware()
#18 D:\\Projects jourdon\\projects\\wasil-v3\\vendor\\laravel\\framework\\src\\Illuminate\\Routing\\Router.php(734): Illuminate\\Routing\\Route->gatherMiddleware()
#19 D:\\Projects jourdon\\projects\\wasil-v3\\vendor\\laravel\\framework\\src\\Illuminate\\Foundation\\Console\\RouteListCommand.php(175): Illuminate\\Routing\\Router->gatherRouteMiddleware(Object(Illuminate\\Routing\\Route))
#20 D:\\Projects jourdon\\projects\\wasil-v3\\vendor\\laravel\\framework\\src\\Illuminate\\Foundation\\Console\\RouteListCommand.php(119): Illuminate\\Foundation\\Console\\RouteListCommand->getMiddleware(Object(Illuminate\\Routing\\Route))
#21 D:\\Projects jourdon\\projects\\wasil-v3\\vendor\\laravel\\framework\\src\\Illuminate\\Foundation\\Console\\RouteListCommand.php(91): Illuminate\\Foundation\\Console\\RouteListCommand->getRouteInformation(Object(Illuminate\\Routing\\Route))
#22 [internal function]: Illuminate\\Foundation\\Console\\RouteListCommand->Illuminate\\Foundation\\Console\\{closure}(Object(Illuminate\\Routing\\Route), 0)
#23 D:\\Projects jourdon\\projects\\wasil-v3\\vendor\\laravel\\framework\\src\\Illuminate\\Collections\\Collection.php(695): array_map(Object(Closure), Array, Array)
#24 D:\\Projects jourdon\\projects\\wasil-v3\\vendor\\laravel\\framework\\src\\Illuminate\\Foundation\\Console\\RouteListCommand.php(92): Illuminate\\Support\\Collection->map(Object(Closure))
#25 D:\\Projects jourdon\\projects\\wasil-v3\\vendor\\laravel\\framework\\src\\Illuminate\\Foundation\\Console\\RouteListCommand.php(76): Illuminate\\Foundation\\Console\\RouteListCommand->getRoutes()
#26 D:\\Projects jourdon\\projects\\wasil-v3\\vendor\\laravel\\framework\\src\\Illuminate\\Container\\BoundMethod.php(36): Illuminate\\Foundation\\Console\\RouteListCommand->handle()
#27 D:\\Projects jourdon\\projects\\wasil-v3\\vendor\\laravel\\framework\\src\\Illuminate\\Container\\Util.php(40): Illuminate\\Container\\BoundMethod::Illuminate\\Container\\{closure}()
#28 D:\\Projects jourdon\\projects\\wasil-v3\\vendor\\laravel\\framework\\src\\Illuminate\\Container\\BoundMethod.php(93): Illuminate\\Container\\Util::unwrapIfClosure(Object(Closure))
#29 D:\\Projects jourdon\\projects\\wasil-v3\\vendor\\laravel\\framework\\src\\Illuminate\\Container\\BoundMethod.php(37): Illuminate\\Container\\BoundMethod::callBoundMethod(Object(Illuminate\\Foundation\\Application), Array, Object(Closure))
#30 D:\\Projects jourdon\\projects\\wasil-v3\\vendor\\laravel\\framework\\src\\Illuminate\\Container\\Container.php(653): Illuminate\\Container\\BoundMethod::call(Object(Illuminate\\Foundation\\Application), Array, Array, NULL)
#31 D:\\Projects jourdon\\projects\\wasil-v3\\vendor\\laravel\\framework\\src\\Illuminate\\Console\\Command.php(136): Illuminate\\Container\\Container->call(Array)
#32 D:\\Projects jourdon\\projects\\wasil-v3\\vendor\\symfony\\console\\Command\\Command.php(298): Illuminate\\Console\\Command->execute(Object(Symfony\\Component\\Console\\Input\\ArgvInput), Object(Illuminate\\Console\\OutputStyle))
#33 D:\\Projects jourdon\\projects\\wasil-v3\\vendor\\laravel\\framework\\src\\Illuminate\\Console\\Command.php(121): Symfony\\Component\\Console\\Command\\Command->run(Object(Symfony\\Component\\Console\\Input\\ArgvInput), Object(Illuminate\\Console\\OutputStyle))
#34 D:\\Projects jourdon\\projects\\wasil-v3\\vendor\\symfony\\console\\Application.php(1040): Illuminate\\Console\\Command->run(Object(Symfony\\Component\\Console\\Input\\ArgvInput), Object(Symfony\\Component\\Console\\Output\\ConsoleOutput))
#35 D:\\Projects jourdon\\projects\\wasil-v3\\vendor\\symfony\\console\\Application.php(301): Symfony\\Component\\Console\\Application->doRunCommand(Object(Illuminate\\Foundation\\Console\\RouteListCommand), Object(Symfony\\Component\\Console\\Input\\ArgvInput), Object(Symfony\\Component\\Console\\Output\\ConsoleOutput))
#36 D:\\Projects jourdon\\projects\\wasil-v3\\vendor\\symfony\\console\\Application.php(171): Symfony\\Component\\Console\\Application->doRun(Object(Symfony\\Component\\Console\\Input\\ArgvInput), Object(Symfony\\Component\\Console\\Output\\ConsoleOutput))
#37 D:\\Projects jourdon\\projects\\wasil-v3\\vendor\\laravel\\framework\\src\\Illuminate\\Console\\Application.php(94): Symfony\\Component\\Console\\Application->run(Object(Symfony\\Component\\Console\\Input\\ArgvInput), Object(Symfony\\Component\\Console\\Output\\ConsoleOutput))
#38 D:\\Projects jourdon\\projects\\wasil-v3\\vendor\\laravel\\framework\\src\\Illuminate\\Foundation\\Console\\Kernel.php(129): Illuminate\\Console\\Application->run(Object(Symfony\\Component\\Console\\Input\\ArgvInput), Object(Symfony\\Component\\Console\\Output\\ConsoleOutput))
#39 D:\\Projects jourdon\\projects\\wasil-v3\\artisan(37): Illuminate\\Foundation\\Console\\Kernel->handle(Object(Symfony\\Component\\Console\\Input\\ArgvInput), Object(Symfony\\Component\\Console\\Output\\ConsoleOutput))
#40 {main}
"} 
[2023-09-19 07:19:08] local.ERROR: Invalid key supplied {"exception":"[object] (LogicException(code: 0): Invalid key supplied at D:\\Projects jourdon\\projects\\wasil-v3\\vendor\\league\\oauth2-server\\src\\CryptKey.php:67)
[stacktrace]
#0 D:\\Projects jourdon\\projects\\wasil-v3\\vendor\\laravel\\passport\\src\\PassportServiceProvider.php(275): League\\OAuth2\\Server\\CryptKey->__construct('file://D:\\\\Proje...', NULL, false)
#1 D:\\Projects jourdon\\projects\\wasil-v3\\vendor\\laravel\\passport\\src\\PassportServiceProvider.php(214): Laravel\\Passport\\PassportServiceProvider->makeCryptKey('private')
#2 D:\\Projects jourdon\\projects\\wasil-v3\\vendor\\laravel\\passport\\src\\PassportServiceProvider.php(104): Laravel\\Passport\\PassportServiceProvider->makeAuthorizationServer()
#3 D:\\Projects jourdon\\projects\\wasil-v3\\vendor\\laravel\\framework\\src\\Illuminate\\Container\\Container.php(873): Laravel\\Passport\\PassportServiceProvider->Laravel\\Passport\\{closure}(Object(Illuminate\\Foundation\\Application), Array)
#4 D:\\Projects jourdon\\projects\\wasil-v3\\vendor\\laravel\\framework\\src\\Illuminate\\Container\\Container.php(758): Illuminate\\Container\\Container->build(Object(Closure))
#5 D:\\Projects jourdon\\projects\\wasil-v3\\vendor\\laravel\\framework\\src\\Illuminate\\Foundation\\Application.php(851): Illuminate\\Container\\Container->resolve('League\\\\OAuth2\\\\S...', Array, true)
#6 D:\\Projects jourdon\\projects\\wasil-v3\\vendor\\laravel\\framework\\src\\Illuminate\\Container\\Container.php(694): Illuminate\\Foundation\\Application->resolve('League\\\\OAuth2\\\\S...', Array)
#7 D:\\Projects jourdon\\projects\\wasil-v3\\vendor\\laravel\\framework\\src\\Illuminate\\Foundation\\Application.php(836): Illuminate\\Container\\Container->make('League\\\\OAuth2\\\\S...', Array)
#8 D:\\Projects jourdon\\projects\\wasil-v3\\vendor\\laravel\\framework\\src\\Illuminate\\Container\\Container.php(1027): Illuminate\\Foundation\\Application->make('League\\\\OAuth2\\\\S...')
#9 D:\\Projects jourdon\\projects\\wasil-v3\\vendor\\laravel\\framework\\src\\Illuminate\\Container\\Container.php(947): Illuminate\\Container\\Container->resolveClass(Object(ReflectionParameter))
#10 D:\\Projects jourdon\\projects\\wasil-v3\\vendor\\laravel\\framework\\src\\Illuminate\\Container\\Container.php(908): Illuminate\\Container\\Container->resolveDependencies(Array)
#11 D:\\Projects jourdon\\projects\\wasil-v3\\vendor\\laravel\\framework\\src\\Illuminate\\Container\\Container.php(758): Illuminate\\Container\\Container->build('Laravel\\\\Passpor...')
#12 D:\\Projects jourdon\\projects\\wasil-v3\\vendor\\laravel\\framework\\src\\Illuminate\\Foundation\\Application.php(851): Illuminate\\Container\\Container->resolve('Laravel\\\\Passpor...', Array, true)
#13 D:\\Projects jourdon\\projects\\wasil-v3\\vendor\\laravel\\framework\\src\\Illuminate\\Container\\Container.php(694): Illuminate\\Foundation\\Application->resolve('Laravel\\\\Passpor...', Array)
#14 D:\\Projects jourdon\\projects\\wasil-v3\\vendor\\laravel\\framework\\src\\Illuminate\\Foundation\\Application.php(836): Illuminate\\Container\\Container->make('Laravel\\\\Passpor...', Array)
#15 D:\\Projects jourdon\\projects\\wasil-v3\\vendor\\laravel\\framework\\src\\Illuminate\\Routing\\Route.php(276): Illuminate\\Foundation\\Application->make('Laravel\\\\Passpor...')
#16 D:\\Projects jourdon\\projects\\wasil-v3\\vendor\\laravel\\framework\\src\\Illuminate\\Routing\\Route.php(1080): Illuminate\\Routing\\Route->getController()
#17 D:\\Projects jourdon\\projects\\wasil-v3\\vendor\\laravel\\framework\\src\\Illuminate\\Routing\\Route.php(1023): Illuminate\\Routing\\Route->controllerMiddleware()
#18 D:\\Projects jourdon\\projects\\wasil-v3\\vendor\\laravel\\framework\\src\\Illuminate\\Routing\\Router.php(734): Illuminate\\Routing\\Route->gatherMiddleware()
#19 D:\\Projects jourdon\\projects\\wasil-v3\\vendor\\laravel\\framework\\src\\Illuminate\\Foundation\\Console\\RouteListCommand.php(175): Illuminate\\Routing\\Router->gatherRouteMiddleware(Object(Illuminate\\Routing\\Route))
#20 D:\\Projects jourdon\\projects\\wasil-v3\\vendor\\laravel\\framework\\src\\Illuminate\\Foundation\\Console\\RouteListCommand.php(119): Illuminate\\Foundation\\Console\\RouteListCommand->getMiddleware(Object(Illuminate\\Routing\\Route))
#21 D:\\Projects jourdon\\projects\\wasil-v3\\vendor\\laravel\\framework\\src\\Illuminate\\Foundation\\Console\\RouteListCommand.php(91): Illuminate\\Foundation\\Console\\RouteListCommand->getRouteInformation(Object(Illuminate\\Routing\\Route))
#22 [internal function]: Illuminate\\Foundation\\Console\\RouteListCommand->Illuminate\\Foundation\\Console\\{closure}(Object(Illuminate\\Routing\\Route), 0)
#23 D:\\Projects jourdon\\projects\\wasil-v3\\vendor\\laravel\\framework\\src\\Illuminate\\Collections\\Collection.php(695): array_map(Object(Closure), Array, Array)
#24 D:\\Projects jourdon\\projects\\wasil-v3\\vendor\\laravel\\framework\\src\\Illuminate\\Foundation\\Console\\RouteListCommand.php(92): Illuminate\\Support\\Collection->map(Object(Closure))
#25 D:\\Projects jourdon\\projects\\wasil-v3\\vendor\\laravel\\framework\\src\\Illuminate\\Foundation\\Console\\RouteListCommand.php(76): Illuminate\\Foundation\\Console\\RouteListCommand->getRoutes()
#26 D:\\Projects jourdon\\projects\\wasil-v3\\vendor\\laravel\\framework\\src\\Illuminate\\Container\\BoundMethod.php(36): Illuminate\\Foundation\\Console\\RouteListCommand->handle()
#27 D:\\Projects jourdon\\projects\\wasil-v3\\vendor\\laravel\\framework\\src\\Illuminate\\Container\\Util.php(40): Illuminate\\Container\\BoundMethod::Illuminate\\Container\\{closure}()
#28 D:\\Projects jourdon\\projects\\wasil-v3\\vendor\\laravel\\framework\\src\\Illuminate\\Container\\BoundMethod.php(93): Illuminate\\Container\\Util::unwrapIfClosure(Object(Closure))
#29 D:\\Projects jourdon\\projects\\wasil-v3\\vendor\\laravel\\framework\\src\\Illuminate\\Container\\BoundMethod.php(37): Illuminate\\Container\\BoundMethod::callBoundMethod(Object(Illuminate\\Foundation\\Application), Array, Object(Closure))
#30 D:\\Projects jourdon\\projects\\wasil-v3\\vendor\\laravel\\framework\\src\\Illuminate\\Container\\Container.php(653): Illuminate\\Container\\BoundMethod::call(Object(Illuminate\\Foundation\\Application), Array, Array, NULL)
#31 D:\\Projects jourdon\\projects\\wasil-v3\\vendor\\laravel\\framework\\src\\Illuminate\\Console\\Command.php(136): Illuminate\\Container\\Container->call(Array)
#32 D:\\Projects jourdon\\projects\\wasil-v3\\vendor\\symfony\\console\\Command\\Command.php(298): Illuminate\\Console\\Command->execute(Object(Symfony\\Component\\Console\\Input\\ArgvInput), Object(Illuminate\\Console\\OutputStyle))
#33 D:\\Projects jourdon\\projects\\wasil-v3\\vendor\\laravel\\framework\\src\\Illuminate\\Console\\Command.php(121): Symfony\\Component\\Console\\Command\\Command->run(Object(Symfony\\Component\\Console\\Input\\ArgvInput), Object(Illuminate\\Console\\OutputStyle))
#34 D:\\Projects jourdon\\projects\\wasil-v3\\vendor\\symfony\\console\\Application.php(1040): Illuminate\\Console\\Command->run(Object(Symfony\\Component\\Console\\Input\\ArgvInput), Object(Symfony\\Component\\Console\\Output\\ConsoleOutput))
#35 D:\\Projects jourdon\\projects\\wasil-v3\\vendor\\symfony\\console\\Application.php(301): Symfony\\Component\\Console\\Application->doRunCommand(Object(Illuminate\\Foundation\\Console\\RouteListCommand), Object(Symfony\\Component\\Console\\Input\\ArgvInput), Object(Symfony\\Component\\Console\\Output\\ConsoleOutput))
#36 D:\\Projects jourdon\\projects\\wasil-v3\\vendor\\symfony\\console\\Application.php(171): Symfony\\Component\\Console\\Application->doRun(Object(Symfony\\Component\\Console\\Input\\ArgvInput), Object(Symfony\\Component\\Console\\Output\\ConsoleOutput))
#37 D:\\Projects jourdon\\projects\\wasil-v3\\vendor\\laravel\\framework\\src\\Illuminate\\Console\\Application.php(94): Symfony\\Component\\Console\\Application->run(Object(Symfony\\Component\\Console\\Input\\ArgvInput), Object(Symfony\\Component\\Console\\Output\\ConsoleOutput))
#38 D:\\Projects jourdon\\projects\\wasil-v3\\vendor\\laravel\\framework\\src\\Illuminate\\Foundation\\Console\\Kernel.php(129): Illuminate\\Console\\Application->run(Object(Symfony\\Component\\Console\\Input\\ArgvInput), Object(Symfony\\Component\\Console\\Output\\ConsoleOutput))
#39 D:\\Projects jourdon\\projects\\wasil-v3\\artisan(37): Illuminate\\Foundation\\Console\\Kernel->handle(Object(Symfony\\Component\\Console\\Input\\ArgvInput), Object(Symfony\\Component\\Console\\Output\\ConsoleOutput))
#40 {main}
"} 
[2023-09-19 07:29:13] local.ERROR: syntax error, unexpected identifier "Route", expecting ")" {"exception":"[object] (ParseError(code: 0): syntax error, unexpected identifier \"Route\", expecting \")\" at D:\\Projects jourdon\\projects\\wasil-v3\\routes\\api.php:34)
[stacktrace]
#0 D:\\Projects jourdon\\projects\\wasil-v3\\vendor\\laravel\\framework\\src\\Illuminate\\Routing\\Router.php(425): Illuminate\\Routing\\RouteFileRegistrar->register('D:\\\\Projects jou...')
#1 D:\\Projects jourdon\\projects\\wasil-v3\\vendor\\laravel\\framework\\src\\Illuminate\\Routing\\Router.php(382): Illuminate\\Routing\\Router->loadRoutes('D:\\\\Projects jou...')
#2 D:\\Projects jourdon\\projects\\wasil-v3\\vendor\\laravel\\framework\\src\\Illuminate\\Routing\\RouteRegistrar.php(163): Illuminate\\Routing\\Router->group(Array, 'D:\\\\Projects jou...')
#3 D:\\Projects jourdon\\projects\\wasil-v3\\app\\Providers\\RouteServiceProvider.php(40): Illuminate\\Routing\\RouteRegistrar->group('D:\\\\Projects jou...')
#4 D:\\Projects jourdon\\projects\\wasil-v3\\vendor\\laravel\\framework\\src\\Illuminate\\Container\\BoundMethod.php(36): App\\Providers\\RouteServiceProvider->App\\Providers\\{closure}()
#5 D:\\Projects jourdon\\projects\\wasil-v3\\vendor\\laravel\\framework\\src\\Illuminate\\Container\\Util.php(40): Illuminate\\Container\\BoundMethod::Illuminate\\Container\\{closure}()
#6 D:\\Projects jourdon\\projects\\wasil-v3\\vendor\\laravel\\framework\\src\\Illuminate\\Container\\BoundMethod.php(81): Illuminate\\Container\\Util::unwrapIfClosure(Object(Closure))
#7 D:\\Projects jourdon\\projects\\wasil-v3\\vendor\\laravel\\framework\\src\\Illuminate\\Container\\BoundMethod.php(37): Illuminate\\Container\\BoundMethod::callBoundMethod(Object(Illuminate\\Foundation\\Application), Object(Closure), Object(Closure))
#8 D:\\Projects jourdon\\projects\\wasil-v3\\vendor\\laravel\\framework\\src\\Illuminate\\Container\\Container.php(653): Illuminate\\Container\\BoundMethod::call(Object(Illuminate\\Foundation\\Application), Object(Closure), Array, NULL)
#9 D:\\Projects jourdon\\projects\\wasil-v3\\vendor\\laravel\\framework\\src\\Illuminate\\Foundation\\Support\\Providers\\RouteServiceProvider.php(120): Illuminate\\Container\\Container->call(Object(Closure))
#10 D:\\Projects jourdon\\projects\\wasil-v3\\vendor\\laravel\\framework\\src\\Illuminate\\Foundation\\Support\\Providers\\RouteServiceProvider.php(45): Illuminate\\Foundation\\Support\\Providers\\RouteServiceProvider->loadRoutes()
#11 D:\\Projects jourdon\\projects\\wasil-v3\\vendor\\laravel\\framework\\src\\Illuminate\\Container\\BoundMethod.php(36): Illuminate\\Foundation\\Support\\Providers\\RouteServiceProvider->Illuminate\\Foundation\\Support\\Providers\\{closure}()
#12 D:\\Projects jourdon\\projects\\wasil-v3\\vendor\\laravel\\framework\\src\\Illuminate\\Container\\Util.php(40): Illuminate\\Container\\BoundMethod::Illuminate\\Container\\{closure}()
#13 D:\\Projects jourdon\\projects\\wasil-v3\\vendor\\laravel\\framework\\src\\Illuminate\\Container\\BoundMethod.php(81): Illuminate\\Container\\Util::unwrapIfClosure(Object(Closure))
#14 D:\\Projects jourdon\\projects\\wasil-v3\\vendor\\laravel\\framework\\src\\Illuminate\\Container\\BoundMethod.php(37): Illuminate\\Container\\BoundMethod::callBoundMethod(Object(Illuminate\\Foundation\\Application), Object(Closure), Object(Closure))
#15 D:\\Projects jourdon\\projects\\wasil-v3\\vendor\\laravel\\framework\\src\\Illuminate\\Container\\Container.php(653): Illuminate\\Container\\BoundMethod::call(Object(Illuminate\\Foundation\\Application), Object(Closure), Array, NULL)
#16 D:\\Projects jourdon\\projects\\wasil-v3\\vendor\\laravel\\framework\\src\\Illuminate\\Support\\ServiceProvider.php(119): Illuminate\\Container\\Container->call(Object(Closure))
#17 D:\\Projects jourdon\\projects\\wasil-v3\\vendor\\laravel\\framework\\src\\Illuminate\\Foundation\\Application.php(927): Illuminate\\Support\\ServiceProvider->callBootedCallbacks()
#18 D:\\Projects jourdon\\projects\\wasil-v3\\vendor\\laravel\\framework\\src\\Illuminate\\Foundation\\Application.php(905): Illuminate\\Foundation\\Application->bootProvider(Object(App\\Providers\\RouteServiceProvider))
#19 [internal function]: Illuminate\\Foundation\\Application->Illuminate\\Foundation\\{closure}(Object(App\\Providers\\RouteServiceProvider), 31)
#20 D:\\Projects jourdon\\projects\\wasil-v3\\vendor\\laravel\\framework\\src\\Illuminate\\Foundation\\Application.php(906): array_walk(Array, Object(Closure))
#21 D:\\Projects jourdon\\projects\\wasil-v3\\vendor\\laravel\\framework\\src\\Illuminate\\Foundation\\Bootstrap\\BootProviders.php(17): Illuminate\\Foundation\\Application->boot()
#22 D:\\Projects jourdon\\projects\\wasil-v3\\vendor\\laravel\\framework\\src\\Illuminate\\Foundation\\Application.php(237): Illuminate\\Foundation\\Bootstrap\\BootProviders->bootstrap(Object(Illuminate\\Foundation\\Application))
#23 D:\\Projects jourdon\\projects\\wasil-v3\\vendor\\laravel\\framework\\src\\Illuminate\\Foundation\\Http\\Kernel.php(153): Illuminate\\Foundation\\Application->bootstrapWith(Array)
#24 D:\\Projects jourdon\\projects\\wasil-v3\\vendor\\laravel\\framework\\src\\Illuminate\\Foundation\\Http\\Kernel.php(137): Illuminate\\Foundation\\Http\\Kernel->bootstrap()
#25 D:\\Projects jourdon\\projects\\wasil-v3\\vendor\\laravel\\framework\\src\\Illuminate\\Foundation\\Http\\Kernel.php(111): Illuminate\\Foundation\\Http\\Kernel->sendRequestThroughRouter(Object(Illuminate\\Http\\Request))
#26 D:\\Projects jourdon\\projects\\wasil-v3\\public\\index.php(55): Illuminate\\Foundation\\Http\\Kernel->handle(Object(Illuminate\\Http\\Request))
#27 D:\\Projects jourdon\\projects\\wasil-v3\\server.php(21): require_once('D:\\\\Projects jou...')
#28 {main}
"} 
[2023-09-19 07:44:59] local.ERROR: Unable to prepare route [admin/wallet-coupons/{id}/edit] for serialization. Another route has already been assigned name [admin.coupons.edit]. {"exception":"[object] (LogicException(code: 0): Unable to prepare route [admin/wallet-coupons/{id}/edit] for serialization. Another route has already been assigned name [admin.coupons.edit]. at D:\\Projects jourdon\\projects\\wasil-v3\\vendor\\laravel\\framework\\src\\Illuminate\\Routing\\AbstractRouteCollection.php:218)
[stacktrace]
#0 D:\\Projects jourdon\\projects\\wasil-v3\\vendor\\laravel\\framework\\src\\Illuminate\\Routing\\AbstractRouteCollection.php(179): Illuminate\\Routing\\AbstractRouteCollection->addToSymfonyRoutesCollection(Object(Symfony\\Component\\Routing\\RouteCollection), Object(Illuminate\\Routing\\Route))
#1 D:\\Projects jourdon\\projects\\wasil-v3\\vendor\\laravel\\framework\\src\\Illuminate\\Routing\\RouteCollection.php(246): Illuminate\\Routing\\AbstractRouteCollection->toSymfonyRouteCollection()
#2 D:\\Projects jourdon\\projects\\wasil-v3\\vendor\\laravel\\framework\\src\\Illuminate\\Routing\\AbstractRouteCollection.php(163): Illuminate\\Routing\\RouteCollection->toSymfonyRouteCollection()
#3 D:\\Projects jourdon\\projects\\wasil-v3\\vendor\\laravel\\framework\\src\\Illuminate\\Routing\\AbstractRouteCollection.php(134): Illuminate\\Routing\\AbstractRouteCollection->dumper()
#4 D:\\Projects jourdon\\projects\\wasil-v3\\vendor\\laravel\\framework\\src\\Illuminate\\Foundation\\Console\\RouteCacheCommand.php(107): Illuminate\\Routing\\AbstractRouteCollection->compile()
#5 D:\\Projects jourdon\\projects\\wasil-v3\\vendor\\laravel\\framework\\src\\Illuminate\\Foundation\\Console\\RouteCacheCommand.php(66): Illuminate\\Foundation\\Console\\RouteCacheCommand->buildRouteCacheFile(Object(Illuminate\\Routing\\RouteCollection))
#6 D:\\Projects jourdon\\projects\\wasil-v3\\vendor\\laravel\\framework\\src\\Illuminate\\Container\\BoundMethod.php(36): Illuminate\\Foundation\\Console\\RouteCacheCommand->handle()
#7 D:\\Projects jourdon\\projects\\wasil-v3\\vendor\\laravel\\framework\\src\\Illuminate\\Container\\Util.php(40): Illuminate\\Container\\BoundMethod::Illuminate\\Container\\{closure}()
#8 D:\\Projects jourdon\\projects\\wasil-v3\\vendor\\laravel\\framework\\src\\Illuminate\\Container\\BoundMethod.php(93): Illuminate\\Container\\Util::unwrapIfClosure(Object(Closure))
#9 D:\\Projects jourdon\\projects\\wasil-v3\\vendor\\laravel\\framework\\src\\Illuminate\\Container\\BoundMethod.php(37): Illuminate\\Container\\BoundMethod::callBoundMethod(Object(Illuminate\\Foundation\\Application), Array, Object(Closure))
#10 D:\\Projects jourdon\\projects\\wasil-v3\\vendor\\laravel\\framework\\src\\Illuminate\\Container\\Container.php(653): Illuminate\\Container\\BoundMethod::call(Object(Illuminate\\Foundation\\Application), Array, Array, NULL)
#11 D:\\Projects jourdon\\projects\\wasil-v3\\vendor\\laravel\\framework\\src\\Illuminate\\Console\\Command.php(136): Illuminate\\Container\\Container->call(Array)
#12 D:\\Projects jourdon\\projects\\wasil-v3\\vendor\\symfony\\console\\Command\\Command.php(298): Illuminate\\Console\\Command->execute(Object(Symfony\\Component\\Console\\Input\\ArrayInput), Object(Illuminate\\Console\\OutputStyle))
#13 D:\\Projects jourdon\\projects\\wasil-v3\\vendor\\laravel\\framework\\src\\Illuminate\\Console\\Command.php(121): Symfony\\Component\\Console\\Command\\Command->run(Object(Symfony\\Component\\Console\\Input\\ArrayInput), Object(Illuminate\\Console\\OutputStyle))
#14 D:\\Projects jourdon\\projects\\wasil-v3\\vendor\\laravel\\framework\\src\\Illuminate\\Console\\Concerns\\CallsCommands.php(68): Illuminate\\Console\\Command->run(Object(Symfony\\Component\\Console\\Input\\ArrayInput), Object(Illuminate\\Console\\OutputStyle))
#15 D:\\Projects jourdon\\projects\\wasil-v3\\vendor\\laravel\\framework\\src\\Illuminate\\Console\\Concerns\\CallsCommands.php(28): Illuminate\\Console\\Command->runCommand('route:cache', Array, Object(Illuminate\\Console\\OutputStyle))
#16 D:\\Projects jourdon\\projects\\wasil-v3\\vendor\\laravel\\framework\\src\\Illuminate\\Foundation\\Console\\OptimizeCommand.php(31): Illuminate\\Console\\Command->call('route:cache')
#17 D:\\Projects jourdon\\projects\\wasil-v3\\vendor\\laravel\\framework\\src\\Illuminate\\Container\\BoundMethod.php(36): Illuminate\\Foundation\\Console\\OptimizeCommand->handle()
#18 D:\\Projects jourdon\\projects\\wasil-v3\\vendor\\laravel\\framework\\src\\Illuminate\\Container\\Util.php(40): Illuminate\\Container\\BoundMethod::Illuminate\\Container\\{closure}()
#19 D:\\Projects jourdon\\projects\\wasil-v3\\vendor\\laravel\\framework\\src\\Illuminate\\Container\\BoundMethod.php(93): Illuminate\\Container\\Util::unwrapIfClosure(Object(Closure))
#20 D:\\Projects jourdon\\projects\\wasil-v3\\vendor\\laravel\\framework\\src\\Illuminate\\Container\\BoundMethod.php(37): Illuminate\\Container\\BoundMethod::callBoundMethod(Object(Illuminate\\Foundation\\Application), Array, Object(Closure))
#21 D:\\Projects jourdon\\projects\\wasil-v3\\vendor\\laravel\\framework\\src\\Illuminate\\Container\\Container.php(653): Illuminate\\Container\\BoundMethod::call(Object(Illuminate\\Foundation\\Application), Array, Array, NULL)
#22 D:\\Projects jourdon\\projects\\wasil-v3\\vendor\\laravel\\framework\\src\\Illuminate\\Console\\Command.php(136): Illuminate\\Container\\Container->call(Array)
#23 D:\\Projects jourdon\\projects\\wasil-v3\\vendor\\symfony\\console\\Command\\Command.php(298): Illuminate\\Console\\Command->execute(Object(Symfony\\Component\\Console\\Input\\ArgvInput), Object(Illuminate\\Console\\OutputStyle))
#24 D:\\Projects jourdon\\projects\\wasil-v3\\vendor\\laravel\\framework\\src\\Illuminate\\Console\\Command.php(121): Symfony\\Component\\Console\\Command\\Command->run(Object(Symfony\\Component\\Console\\Input\\ArgvInput), Object(Illuminate\\Console\\OutputStyle))
#25 D:\\Projects jourdon\\projects\\wasil-v3\\vendor\\symfony\\console\\Application.php(1040): Illuminate\\Console\\Command->run(Object(Symfony\\Component\\Console\\Input\\ArgvInput), Object(Symfony\\Component\\Console\\Output\\ConsoleOutput))
#26 D:\\Projects jourdon\\projects\\wasil-v3\\vendor\\symfony\\console\\Application.php(301): Symfony\\Component\\Console\\Application->doRunCommand(Object(Illuminate\\Foundation\\Console\\OptimizeCommand), Object(Symfony\\Component\\Console\\Input\\ArgvInput), Object(Symfony\\Component\\Console\\Output\\ConsoleOutput))
#27 D:\\Projects jourdon\\projects\\wasil-v3\\vendor\\symfony\\console\\Application.php(171): Symfony\\Component\\Console\\Application->doRun(Object(Symfony\\Component\\Console\\Input\\ArgvInput), Object(Symfony\\Component\\Console\\Output\\ConsoleOutput))
#28 D:\\Projects jourdon\\projects\\wasil-v3\\vendor\\laravel\\framework\\src\\Illuminate\\Console\\Application.php(94): Symfony\\Component\\Console\\Application->run(Object(Symfony\\Component\\Console\\Input\\ArgvInput), Object(Symfony\\Component\\Console\\Output\\ConsoleOutput))
#29 D:\\Projects jourdon\\projects\\wasil-v3\\vendor\\laravel\\framework\\src\\Illuminate\\Foundation\\Console\\Kernel.php(129): Illuminate\\Console\\Application->run(Object(Symfony\\Component\\Console\\Input\\ArgvInput), Object(Symfony\\Component\\Console\\Output\\ConsoleOutput))
#30 D:\\Projects jourdon\\projects\\wasil-v3\\artisan(37): Illuminate\\Foundation\\Console\\Kernel->handle(Object(Symfony\\Component\\Console\\Input\\ArgvInput), Object(Symfony\\Component\\Console\\Output\\ConsoleOutput))
#31 {main}
"} 
[2023-09-19 07:52:42] local.ERROR: Unable to prepare route [admin/wallet-coupons/{id}/edit] for serialization. Another route has already been assigned name [admin.coupons.edit]. {"exception":"[object] (LogicException(code: 0): Unable to prepare route [admin/wallet-coupons/{id}/edit] for serialization. Another route has already been assigned name [admin.coupons.edit]. at D:\\Projects jourdon\\projects\\wasil-v3\\vendor\\laravel\\framework\\src\\Illuminate\\Routing\\AbstractRouteCollection.php:218)
[stacktrace]
#0 D:\\Projects jourdon\\projects\\wasil-v3\\vendor\\laravel\\framework\\src\\Illuminate\\Routing\\AbstractRouteCollection.php(179): Illuminate\\Routing\\AbstractRouteCollection->addToSymfonyRoutesCollection(Object(Symfony\\Component\\Routing\\RouteCollection), Object(Illuminate\\Routing\\Route))
#1 D:\\Projects jourdon\\projects\\wasil-v3\\vendor\\laravel\\framework\\src\\Illuminate\\Routing\\RouteCollection.php(246): Illuminate\\Routing\\AbstractRouteCollection->toSymfonyRouteCollection()
#2 D:\\Projects jourdon\\projects\\wasil-v3\\vendor\\laravel\\framework\\src\\Illuminate\\Routing\\AbstractRouteCollection.php(163): Illuminate\\Routing\\RouteCollection->toSymfonyRouteCollection()
#3 D:\\Projects jourdon\\projects\\wasil-v3\\vendor\\laravel\\framework\\src\\Illuminate\\Routing\\AbstractRouteCollection.php(134): Illuminate\\Routing\\AbstractRouteCollection->dumper()
#4 D:\\Projects jourdon\\projects\\wasil-v3\\vendor\\laravel\\framework\\src\\Illuminate\\Foundation\\Console\\RouteCacheCommand.php(107): Illuminate\\Routing\\AbstractRouteCollection->compile()
#5 D:\\Projects jourdon\\projects\\wasil-v3\\vendor\\laravel\\framework\\src\\Illuminate\\Foundation\\Console\\RouteCacheCommand.php(66): Illuminate\\Foundation\\Console\\RouteCacheCommand->buildRouteCacheFile(Object(Illuminate\\Routing\\RouteCollection))
#6 D:\\Projects jourdon\\projects\\wasil-v3\\vendor\\laravel\\framework\\src\\Illuminate\\Container\\BoundMethod.php(36): Illuminate\\Foundation\\Console\\RouteCacheCommand->handle()
#7 D:\\Projects jourdon\\projects\\wasil-v3\\vendor\\laravel\\framework\\src\\Illuminate\\Container\\Util.php(40): Illuminate\\Container\\BoundMethod::Illuminate\\Container\\{closure}()
#8 D:\\Projects jourdon\\projects\\wasil-v3\\vendor\\laravel\\framework\\src\\Illuminate\\Container\\BoundMethod.php(93): Illuminate\\Container\\Util::unwrapIfClosure(Object(Closure))
#9 D:\\Projects jourdon\\projects\\wasil-v3\\vendor\\laravel\\framework\\src\\Illuminate\\Container\\BoundMethod.php(37): Illuminate\\Container\\BoundMethod::callBoundMethod(Object(Illuminate\\Foundation\\Application), Array, Object(Closure))
#10 D:\\Projects jourdon\\projects\\wasil-v3\\vendor\\laravel\\framework\\src\\Illuminate\\Container\\Container.php(653): Illuminate\\Container\\BoundMethod::call(Object(Illuminate\\Foundation\\Application), Array, Array, NULL)
#11 D:\\Projects jourdon\\projects\\wasil-v3\\vendor\\laravel\\framework\\src\\Illuminate\\Console\\Command.php(136): Illuminate\\Container\\Container->call(Array)
#12 D:\\Projects jourdon\\projects\\wasil-v3\\vendor\\symfony\\console\\Command\\Command.php(298): Illuminate\\Console\\Command->execute(Object(Symfony\\Component\\Console\\Input\\ArrayInput), Object(Illuminate\\Console\\OutputStyle))
#13 D:\\Projects jourdon\\projects\\wasil-v3\\vendor\\laravel\\framework\\src\\Illuminate\\Console\\Command.php(121): Symfony\\Component\\Console\\Command\\Command->run(Object(Symfony\\Component\\Console\\Input\\ArrayInput), Object(Illuminate\\Console\\OutputStyle))
#14 D:\\Projects jourdon\\projects\\wasil-v3\\vendor\\laravel\\framework\\src\\Illuminate\\Console\\Concerns\\CallsCommands.php(68): Illuminate\\Console\\Command->run(Object(Symfony\\Component\\Console\\Input\\ArrayInput), Object(Illuminate\\Console\\OutputStyle))
#15 D:\\Projects jourdon\\projects\\wasil-v3\\vendor\\laravel\\framework\\src\\Illuminate\\Console\\Concerns\\CallsCommands.php(28): Illuminate\\Console\\Command->runCommand('route:cache', Array, Object(Illuminate\\Console\\OutputStyle))
#16 D:\\Projects jourdon\\projects\\wasil-v3\\vendor\\laravel\\framework\\src\\Illuminate\\Foundation\\Console\\OptimizeCommand.php(31): Illuminate\\Console\\Command->call('route:cache')
#17 D:\\Projects jourdon\\projects\\wasil-v3\\vendor\\laravel\\framework\\src\\Illuminate\\Container\\BoundMethod.php(36): Illuminate\\Foundation\\Console\\OptimizeCommand->handle()
#18 D:\\Projects jourdon\\projects\\wasil-v3\\vendor\\laravel\\framework\\src\\Illuminate\\Container\\Util.php(40): Illuminate\\Container\\BoundMethod::Illuminate\\Container\\{closure}()
#19 D:\\Projects jourdon\\projects\\wasil-v3\\vendor\\laravel\\framework\\src\\Illuminate\\Container\\BoundMethod.php(93): Illuminate\\Container\\Util::unwrapIfClosure(Object(Closure))
#20 D:\\Projects jourdon\\projects\\wasil-v3\\vendor\\laravel\\framework\\src\\Illuminate\\Container\\BoundMethod.php(37): Illuminate\\Container\\BoundMethod::callBoundMethod(Object(Illuminate\\Foundation\\Application), Array, Object(Closure))
#21 D:\\Projects jourdon\\projects\\wasil-v3\\vendor\\laravel\\framework\\src\\Illuminate\\Container\\Container.php(653): Illuminate\\Container\\BoundMethod::call(Object(Illuminate\\Foundation\\Application), Array, Array, NULL)
#22 D:\\Projects jourdon\\projects\\wasil-v3\\vendor\\laravel\\framework\\src\\Illuminate\\Console\\Command.php(136): Illuminate\\Container\\Container->call(Array)
#23 D:\\Projects jourdon\\projects\\wasil-v3\\vendor\\symfony\\console\\Command\\Command.php(298): Illuminate\\Console\\Command->execute(Object(Symfony\\Component\\Console\\Input\\ArgvInput), Object(Illuminate\\Console\\OutputStyle))
#24 D:\\Projects jourdon\\projects\\wasil-v3\\vendor\\laravel\\framework\\src\\Illuminate\\Console\\Command.php(121): Symfony\\Component\\Console\\Command\\Command->run(Object(Symfony\\Component\\Console\\Input\\ArgvInput), Object(Illuminate\\Console\\OutputStyle))
#25 D:\\Projects jourdon\\projects\\wasil-v3\\vendor\\symfony\\console\\Application.php(1040): Illuminate\\Console\\Command->run(Object(Symfony\\Component\\Console\\Input\\ArgvInput), Object(Symfony\\Component\\Console\\Output\\ConsoleOutput))
#26 D:\\Projects jourdon\\projects\\wasil-v3\\vendor\\symfony\\console\\Application.php(301): Symfony\\Component\\Console\\Application->doRunCommand(Object(Illuminate\\Foundation\\Console\\OptimizeCommand), Object(Symfony\\Component\\Console\\Input\\ArgvInput), Object(Symfony\\Component\\Console\\Output\\ConsoleOutput))
#27 D:\\Projects jourdon\\projects\\wasil-v3\\vendor\\symfony\\console\\Application.php(171): Symfony\\Component\\Console\\Application->doRun(Object(Symfony\\Component\\Console\\Input\\ArgvInput), Object(Symfony\\Component\\Console\\Output\\ConsoleOutput))
#28 D:\\Projects jourdon\\projects\\wasil-v3\\vendor\\laravel\\framework\\src\\Illuminate\\Console\\Application.php(94): Symfony\\Component\\Console\\Application->run(Object(Symfony\\Component\\Console\\Input\\ArgvInput), Object(Symfony\\Component\\Console\\Output\\ConsoleOutput))
#29 D:\\Projects jourdon\\projects\\wasil-v3\\vendor\\laravel\\framework\\src\\Illuminate\\Foundation\\Console\\Kernel.php(129): Illuminate\\Console\\Application->run(Object(Symfony\\Component\\Console\\Input\\ArgvInput), Object(Symfony\\Component\\Console\\Output\\ConsoleOutput))
#30 D:\\Projects jourdon\\projects\\wasil-v3\\artisan(37): Illuminate\\Foundation\\Console\\Kernel->handle(Object(Symfony\\Component\\Console\\Input\\ArgvInput), Object(Symfony\\Component\\Console\\Output\\ConsoleOutput))
#31 {main}
"} 
[2023-09-19 08:12:43] local.INFO: Invalid key supplied  
[2023-09-19 08:14:33] local.ERROR: Unable to prepare route [admin/wallet-coupons/{id}/edit] for serialization. Another route has already been assigned name [admin.coupons.edit]. {"exception":"[object] (LogicException(code: 0): Unable to prepare route [admin/wallet-coupons/{id}/edit] for serialization. Another route has already been assigned name [admin.coupons.edit]. at D:\\Projects jourdon\\projects\\wasil-v3\\vendor\\laravel\\framework\\src\\Illuminate\\Routing\\AbstractRouteCollection.php:218)
[stacktrace]
#0 D:\\Projects jourdon\\projects\\wasil-v3\\vendor\\laravel\\framework\\src\\Illuminate\\Routing\\AbstractRouteCollection.php(179): Illuminate\\Routing\\AbstractRouteCollection->addToSymfonyRoutesCollection(Object(Symfony\\Component\\Routing\\RouteCollection), Object(Illuminate\\Routing\\Route))
#1 D:\\Projects jourdon\\projects\\wasil-v3\\vendor\\laravel\\framework\\src\\Illuminate\\Routing\\RouteCollection.php(246): Illuminate\\Routing\\AbstractRouteCollection->toSymfonyRouteCollection()
#2 D:\\Projects jourdon\\projects\\wasil-v3\\vendor\\laravel\\framework\\src\\Illuminate\\Routing\\AbstractRouteCollection.php(163): Illuminate\\Routing\\RouteCollection->toSymfonyRouteCollection()
#3 D:\\Projects jourdon\\projects\\wasil-v3\\vendor\\laravel\\framework\\src\\Illuminate\\Routing\\AbstractRouteCollection.php(134): Illuminate\\Routing\\AbstractRouteCollection->dumper()
#4 D:\\Projects jourdon\\projects\\wasil-v3\\vendor\\laravel\\framework\\src\\Illuminate\\Foundation\\Console\\RouteCacheCommand.php(107): Illuminate\\Routing\\AbstractRouteCollection->compile()
#5 D:\\Projects jourdon\\projects\\wasil-v3\\vendor\\laravel\\framework\\src\\Illuminate\\Foundation\\Console\\RouteCacheCommand.php(66): Illuminate\\Foundation\\Console\\RouteCacheCommand->buildRouteCacheFile(Object(Illuminate\\Routing\\RouteCollection))
#6 D:\\Projects jourdon\\projects\\wasil-v3\\vendor\\laravel\\framework\\src\\Illuminate\\Container\\BoundMethod.php(36): Illuminate\\Foundation\\Console\\RouteCacheCommand->handle()
#7 D:\\Projects jourdon\\projects\\wasil-v3\\vendor\\laravel\\framework\\src\\Illuminate\\Container\\Util.php(40): Illuminate\\Container\\BoundMethod::Illuminate\\Container\\{closure}()
#8 D:\\Projects jourdon\\projects\\wasil-v3\\vendor\\laravel\\framework\\src\\Illuminate\\Container\\BoundMethod.php(93): Illuminate\\Container\\Util::unwrapIfClosure(Object(Closure))
#9 D:\\Projects jourdon\\projects\\wasil-v3\\vendor\\laravel\\framework\\src\\Illuminate\\Container\\BoundMethod.php(37): Illuminate\\Container\\BoundMethod::callBoundMethod(Object(Illuminate\\Foundation\\Application), Array, Object(Closure))
#10 D:\\Projects jourdon\\projects\\wasil-v3\\vendor\\laravel\\framework\\src\\Illuminate\\Container\\Container.php(653): Illuminate\\Container\\BoundMethod::call(Object(Illuminate\\Foundation\\Application), Array, Array, NULL)
#11 D:\\Projects jourdon\\projects\\wasil-v3\\vendor\\laravel\\framework\\src\\Illuminate\\Console\\Command.php(136): Illuminate\\Container\\Container->call(Array)
#12 D:\\Projects jourdon\\projects\\wasil-v3\\vendor\\symfony\\console\\Command\\Command.php(298): Illuminate\\Console\\Command->execute(Object(Symfony\\Component\\Console\\Input\\ArrayInput), Object(Illuminate\\Console\\OutputStyle))
#13 D:\\Projects jourdon\\projects\\wasil-v3\\vendor\\laravel\\framework\\src\\Illuminate\\Console\\Command.php(121): Symfony\\Component\\Console\\Command\\Command->run(Object(Symfony\\Component\\Console\\Input\\ArrayInput), Object(Illuminate\\Console\\OutputStyle))
#14 D:\\Projects jourdon\\projects\\wasil-v3\\vendor\\laravel\\framework\\src\\Illuminate\\Console\\Concerns\\CallsCommands.php(68): Illuminate\\Console\\Command->run(Object(Symfony\\Component\\Console\\Input\\ArrayInput), Object(Illuminate\\Console\\OutputStyle))
#15 D:\\Projects jourdon\\projects\\wasil-v3\\vendor\\laravel\\framework\\src\\Illuminate\\Console\\Concerns\\CallsCommands.php(28): Illuminate\\Console\\Command->runCommand('route:cache', Array, Object(Illuminate\\Console\\OutputStyle))
#16 D:\\Projects jourdon\\projects\\wasil-v3\\vendor\\laravel\\framework\\src\\Illuminate\\Foundation\\Console\\OptimizeCommand.php(31): Illuminate\\Console\\Command->call('route:cache')
#17 D:\\Projects jourdon\\projects\\wasil-v3\\vendor\\laravel\\framework\\src\\Illuminate\\Container\\BoundMethod.php(36): Illuminate\\Foundation\\Console\\OptimizeCommand->handle()
#18 D:\\Projects jourdon\\projects\\wasil-v3\\vendor\\laravel\\framework\\src\\Illuminate\\Container\\Util.php(40): Illuminate\\Container\\BoundMethod::Illuminate\\Container\\{closure}()
#19 D:\\Projects jourdon\\projects\\wasil-v3\\vendor\\laravel\\framework\\src\\Illuminate\\Container\\BoundMethod.php(93): Illuminate\\Container\\Util::unwrapIfClosure(Object(Closure))
#20 D:\\Projects jourdon\\projects\\wasil-v3\\vendor\\laravel\\framework\\src\\Illuminate\\Container\\BoundMethod.php(37): Illuminate\\Container\\BoundMethod::callBoundMethod(Object(Illuminate\\Foundation\\Application), Array, Object(Closure))
#21 D:\\Projects jourdon\\projects\\wasil-v3\\vendor\\laravel\\framework\\src\\Illuminate\\Container\\Container.php(653): Illuminate\\Container\\BoundMethod::call(Object(Illuminate\\Foundation\\Application), Array, Array, NULL)
#22 D:\\Projects jourdon\\projects\\wasil-v3\\vendor\\laravel\\framework\\src\\Illuminate\\Console\\Command.php(136): Illuminate\\Container\\Container->call(Array)
#23 D:\\Projects jourdon\\projects\\wasil-v3\\vendor\\symfony\\console\\Command\\Command.php(298): Illuminate\\Console\\Command->execute(Object(Symfony\\Component\\Console\\Input\\ArgvInput), Object(Illuminate\\Console\\OutputStyle))
#24 D:\\Projects jourdon\\projects\\wasil-v3\\vendor\\laravel\\framework\\src\\Illuminate\\Console\\Command.php(121): Symfony\\Component\\Console\\Command\\Command->run(Object(Symfony\\Component\\Console\\Input\\ArgvInput), Object(Illuminate\\Console\\OutputStyle))
#25 D:\\Projects jourdon\\projects\\wasil-v3\\vendor\\symfony\\console\\Application.php(1040): Illuminate\\Console\\Command->run(Object(Symfony\\Component\\Console\\Input\\ArgvInput), Object(Symfony\\Component\\Console\\Output\\ConsoleOutput))
#26 D:\\Projects jourdon\\projects\\wasil-v3\\vendor\\symfony\\console\\Application.php(301): Symfony\\Component\\Console\\Application->doRunCommand(Object(Illuminate\\Foundation\\Console\\OptimizeCommand), Object(Symfony\\Component\\Console\\Input\\ArgvInput), Object(Symfony\\Component\\Console\\Output\\ConsoleOutput))
#27 D:\\Projects jourdon\\projects\\wasil-v3\\vendor\\symfony\\console\\Application.php(171): Symfony\\Component\\Console\\Application->doRun(Object(Symfony\\Component\\Console\\Input\\ArgvInput), Object(Symfony\\Component\\Console\\Output\\ConsoleOutput))
#28 D:\\Projects jourdon\\projects\\wasil-v3\\vendor\\laravel\\framework\\src\\Illuminate\\Console\\Application.php(94): Symfony\\Component\\Console\\Application->run(Object(Symfony\\Component\\Console\\Input\\ArgvInput), Object(Symfony\\Component\\Console\\Output\\ConsoleOutput))
#29 D:\\Projects jourdon\\projects\\wasil-v3\\vendor\\laravel\\framework\\src\\Illuminate\\Foundation\\Console\\Kernel.php(129): Illuminate\\Console\\Application->run(Object(Symfony\\Component\\Console\\Input\\ArgvInput), Object(Symfony\\Component\\Console\\Output\\ConsoleOutput))
#30 D:\\Projects jourdon\\projects\\wasil-v3\\artisan(37): Illuminate\\Foundation\\Console\\Kernel->handle(Object(Symfony\\Component\\Console\\Input\\ArgvInput), Object(Symfony\\Component\\Console\\Output\\ConsoleOutput))
#31 {main}
"} 
[2023-09-19 08:23:03] local.INFO: Invalid key supplied  
[2023-09-19 08:26:57] local.ERROR: Invalid key supplied  
[2023-09-19 08:28:51] local.ERROR: Invalid key supplied  
[2023-09-19 08:29:45] local.INFO: Method App\Http\Requests\Api\User\RegisterRequest::fails does not exist.  
[2023-09-19 08:30:03] local.INFO: Invalid key supplied  
[2023-09-19 08:30:28] local.INFO: Invalid key supplied  
[2023-09-19 08:34:50] local.INFO: Undefined variable $fcm_token  
[2023-09-19 08:35:50] local.INFO: Invalid key supplied  
[2023-09-19 08:36:03] local.INFO: Invalid key supplied  
[2023-09-19 08:38:39] local.INFO: Invalid key supplied  
[2023-09-19 11:55:50] local.ERROR: syntax error, unexpected end of file, expecting ";" {"exception":"[object] (Symfony\\Component\\ErrorHandler\\Error\\FatalError(code: 0): syntax error, unexpected end of file, expecting \";\" at D:\\Projects jourdon\\projects\\wasil-v3\\lang\\en\\message.php:5)
[stacktrace]
#0 D:\\Projects jourdon\\projects\\wasil-v3\\vendor\\laravel\\framework\\src\\Illuminate\\Foundation\\Bootstrap\\HandleExceptions.php(222): Symfony\\Component\\ErrorHandler\\Error\\FatalError->__construct(message: ''syntax error, ...', code: '0', error: '['type' => 4, '...', traceOffset: '0', traceArgs: '???', trace: '???')
#1 D:\\Projects jourdon\\projects\\wasil-v3\\vendor\\laravel\\framework\\src\\Illuminate\\Foundation\\Bootstrap\\HandleExceptions.php(209): Illuminate\\Foundation\\Bootstrap\\HandleExceptions->fatalErrorFromPhpError(error: '['type' => 4, '...', traceOffset: '0')
#2 D:\\Projects jourdon\\projects\\wasil-v3\\vendor\\laravel\\framework\\src\\Illuminate\\Foundation\\Bootstrap\\HandleExceptions.php(0): Illuminate\\Foundation\\Bootstrap\\HandleExceptions->handleShutdown()
#3 {main}
"} 
